
================================================================================
STEP 1: Creating Advanced Metadata & Annotations
================================================================================
  [+] Metadata properties created: 8

================================================================================
STEP 2: Creating Main Classes with Rich Annotations
================================================================================
  [+] Main classes with annotations created: 13

================================================================================
STEP 3: Expanding Asset Class Hierarchy
================================================================================
  [+] Asset subclasses with annotations created: 74

================================================================================
STEP 4: Creating MITRE ATT&CK Integrated Threat Hierarchy
================================================================================
  [+] Threat subclasses with MITRE ATT&CK mapping: 47
  [+] MITRE ATT&CK tactics integrated: 13

================================================================================
STEP 5: Creating Vulnerability Hierarchy with CVE/CWE Integration
================================================================================
  [+] Vulnerability subclasses with CWE mapping: 39

================================================================================
STEP 6: Creating SecurityControl Hierarchy with NIST CSF & CIS Controls
================================================================================
  [+] SecurityControl subclasses with NIST/CIS mapping: 78

================================================================================
STEP 7: Expanding Remaining Class Hierarchies
================================================================================
  [+] Other class hierarchies expanded: 53

================================================================================
STEP 8: Adding Advanced OWL Features - Disjoint Classes
================================================================================
  [+] Disjoint class axioms added: 7

================================================================================
STEP 9: Creating Object Properties with Inverse, Transitive, Symmetric
================================================================================
  [+] Object properties with inverse/transitive/symmetric: 40

================================================================================
STEP 10: Creating Datatype Properties with Domain/Range Constraints
================================================================================
  [+] Datatype properties with constraints: 60

[Part 2 complete - Continue with Part 3 for individuals and restrictions]

================================================================================
STEP 11: Adding Cardinality Restrictions and Class Axioms
================================================================================
  [+] Cardinality restrictions added: 5

================================================================================
STEP 12: Creating 100+ Realistic Individuals with Property Assertions
================================================================================
  Creating Asset Individuals...
Traceback (most recent call last):
  File "C:\src\Ulster\kG\CW2\build_ontology_PROFESSIONAL_FINAL.py", line 2312, in <module>
    web_server_01.hasName = ["Production Web Server 01"]
    ^^^^^^^^^^^^^^^^^^^^^
  File "C:\Users\dell\AppData\Roaming\Python\Python313\site-packages\owlready2\individual.py", line 335, in __setattr__
    self.namespace.ontology._set_data_triple_spod(self.storid, Prop.storid, *self.namespace.ontology._to_rdf(value))
                                                                             ~~~~~~~~~~~~~~~~~~~~~~~~~~~~~~~^^^^^^^
  File "C:\Users\dell\AppData\Roaming\Python\Python313\site-packages\owlready2\namespace.py", line 225, in _to_rdf
    d = _universal_datatype_2_abbrev.get(o)
TypeError: unhashable type: 'list'
